<?xml version="1.0" encoding="UTF-8"?>
<!-- Generated by org.testng.reporters.JUnitReportReporter -->
<testsuite hostname="ADMINRG-VDHKSE3" failures="0" tests="3" name="RaushanKumar.tests.SubmitOrderTest" time="105.004" errors="0" timestamp="2024-04-11T14:06:00 IST" skipped="0">
  <testcase classname="RaushanKumar.tests.SubmitOrderTest" name="submitOrder" time="65.873"/>
  <testcase classname="RaushanKumar.tests.SubmitOrderTest" name="OrderHistoryTest" time="18.536"/>
  <testcase classname="RaushanKumar.tests.SubmitOrderTest" name="submitOrder" time="20.595"/>
</testsuite> <!-- RaushanKumar.tests.SubmitOrderTest -->
