<?xml version="1.0" encoding="UTF-8"?>
<!-- Generated by org.testng.reporters.JUnitReportReporter -->
<testsuite hostname="ADMINRG-VDHKSE3" failures="0" tests="1" name="RaushanKumar.tests.ErrorValidation" time="10.962" errors="0" timestamp="2024-03-11T11:24:34 IST" skipped="0">
  <testcase classname="RaushanKumar.tests.ErrorValidation" name="LoginErrorValidation" time="10.962"/>
</testsuite> <!-- RaushanKumar.tests.ErrorValidation -->
